<?xml version="1.0" encoding="UTF-8"?>
<testng-results skipped="0" failed="0" ignored="0" total="1" passed="1">
  <reporter-output>
  </reporter-output>
  <suite name="Suite111" duration-ms="34382" started-at="2018-03-20T16:02:53Z" finished-at="2018-03-20T16:03:27Z">
    <groups>
      <group name="cucumber">
        <method signature="AbstractTestNGCucumberTests.feature(cucumber.api.testng.CucumberFeatureWrapper)[pri:0, instance:com.cucumber.framework.runner.LoginFeatureRunner@86be70a]" name="feature" class="cucumber.api.testng.AbstractTestNGCucumberTests"/>
      </group> <!-- cucumber -->
    </groups>
    <test name="FacebookLoginFeatureRunner111" duration-ms="34382" started-at="2018-03-20T16:02:53Z" finished-at="2018-03-20T16:03:27Z">
      <class name="com.cucumber.framework.runner.LoginFeatureRunner">
        <test-method status="PASS" signature="setUpClass()[pri:0, instance:com.cucumber.framework.runner.LoginFeatureRunner@86be70a]" name="setUpClass" is-config="true" duration-ms="238" started-at="2018-03-20T16:02:53Z" finished-at="2018-03-20T16:02:53Z">
          <reporter-output>
          </reporter-output>
        </test-method> <!-- setUpClass -->
        <test-method status="PASS" signature="feature(cucumber.api.testng.CucumberFeatureWrapper)[pri:0, instance:com.cucumber.framework.runner.LoginFeatureRunner@86be70a]" name="feature" duration-ms="33993" started-at="2018-03-20T16:02:53Z" description="Runs Cucumber Feature" data-provider="features" finished-at="2018-03-20T16:03:27Z">
          <params>
            <param index="0">
              <value>
                <![CDATA[Login to newtours]]>
              </value>
            </param>
          </params>
          <reporter-output>
          </reporter-output>
        </test-method> <!-- feature -->
        <test-method status="PASS" signature="tearDownClass()[pri:0, instance:com.cucumber.framework.runner.LoginFeatureRunner@86be70a]" name="tearDownClass" is-config="true" duration-ms="19" started-at="2018-03-20T16:03:27Z" finished-at="2018-03-20T16:03:27Z">
          <reporter-output>
          </reporter-output>
        </test-method> <!-- tearDownClass -->
      </class> <!-- com.cucumber.framework.runner.LoginFeatureRunner -->
    </test> <!-- FacebookLoginFeatureRunner111 -->
  </suite> <!-- Suite111 -->
</testng-results>
